<?xml version="1.0" encoding="UTF-8"?>
<testng-results ignored="0" total="2" passed="2" failed="0" skipped="0">
  <reporter-output>
  </reporter-output>
  <suite started-at="2021-11-16T14:06:56Z" name="InetBankingV1" finished-at="2021-11-16T14:07:33Z" duration-ms="36709">
    <groups>
    </groups>
    <test started-at="2021-11-16T14:06:56Z" name="BankingApp Test" finished-at="2021-11-16T14:07:33Z" duration-ms="36709">
      <class name="com.inetbanking.testCases.TC_LoginTest_001">
        <test-method is-config="true" signature="setup(java.lang.String)[pri:0, instance:com.inetbanking.testCases.TC_LoginTest_001@7671cb68]" started-at="2021-11-16T14:06:57Z" name="setup" finished-at="2021-11-16T14:07:07Z" duration-ms="9618" status="PASS">
          <params>
            <param index="0">
              <value>
                <![CDATA[chrome]]>
              </value>
            </param>
          </params>
          <reporter-output>
          </reporter-output>
        </test-method> <!-- setup -->
        <test-method signature="loginTest()[pri:0, instance:com.inetbanking.testCases.TC_LoginTest_001@7671cb68]" started-at="2021-11-16T14:07:07Z" name="loginTest" finished-at="2021-11-16T14:07:10Z" duration-ms="3068" status="PASS">
          <reporter-output>
          </reporter-output>
        </test-method> <!-- loginTest -->
        <test-method is-config="true" signature="tearDown()[pri:0, instance:com.inetbanking.testCases.TC_LoginTest_001@7671cb68]" started-at="2021-11-16T14:07:10Z" name="tearDown" finished-at="2021-11-16T14:07:11Z" duration-ms="1252" status="PASS">
          <reporter-output>
          </reporter-output>
        </test-method> <!-- tearDown -->
      </class> <!-- com.inetbanking.testCases.TC_LoginTest_001 -->
      <class name="com.inetbanking.testCases.TC_AddCustomerTest_003">
        <test-method is-config="true" signature="setup(java.lang.String)[pri:0, instance:com.inetbanking.testCases.TC_AddCustomerTest_003@49dc7102]" started-at="2021-11-16T14:07:11Z" name="setup" finished-at="2021-11-16T14:07:15Z" duration-ms="4577" status="PASS">
          <params>
            <param index="0">
              <value>
                <![CDATA[chrome]]>
              </value>
            </param>
          </params>
          <reporter-output>
          </reporter-output>
        </test-method> <!-- setup -->
        <test-method signature="addNewCustomer()[pri:0, instance:com.inetbanking.testCases.TC_AddCustomerTest_003@49dc7102]" started-at="2021-11-16T14:07:15Z" name="addNewCustomer" finished-at="2021-11-16T14:07:32Z" duration-ms="16248" status="PASS">
          <reporter-output>
          </reporter-output>
        </test-method> <!-- addNewCustomer -->
        <test-method is-config="true" signature="tearDown()[pri:0, instance:com.inetbanking.testCases.TC_AddCustomerTest_003@49dc7102]" started-at="2021-11-16T14:07:32Z" name="tearDown" finished-at="2021-11-16T14:07:33Z" duration-ms="1116" status="PASS">
          <reporter-output>
          </reporter-output>
        </test-method> <!-- tearDown -->
      </class> <!-- com.inetbanking.testCases.TC_AddCustomerTest_003 -->
    </test> <!-- BankingApp Test -->
  </suite> <!-- InetBankingV1 -->
</testng-results>
