<?xml version="1.0" encoding="UTF-8"?>
<!-- Generated by org.testng.reporters.JUnitXMLReporter -->
<testsuite ignored="0" hostname="LT-PRAVEEN" failures="0" tests="2" name="BankingApp Test" time="36.709" errors="0" timestamp="16 Nov 2021 14:07:33 GMT">
  <testcase classname="com.inetbanking.testCases.TC_LoginTest_001" name="loginTest" time="3.068"/>
  <testcase classname="com.inetbanking.testCases.TC_AddCustomerTest_003" name="addNewCustomer" time="16.248"/>
</testsuite> <!-- BankingApp Test -->
